{"contracts/Voting.sol":{"l":{"16":4,"17":4,"18":12,"23":5,"24":4,"26":3,"27":3,"29":3,"33":1,"37":3,"38":3,"39":3,"40":3,"41":9,"42":9,"47":1,"48":1,"49":1,"50":1,"51":1,"52":3,"53":1,"54":1,"57":1},"path":"/app/contracts/Voting.sol","s":{"1":4,"2":4,"3":12,"4":5,"5":4,"6":3,"7":1,"8":3,"9":3,"10":1,"11":1,"12":1,"13":1,"14":1,"15":3,"16":1},"b":{"1":[4,0],"2":[4,1],"3":[3,1],"4":[1,0],"5":[1,2]},"f":{"1":4,"2":5,"3":1,"4":3,"5":1},"fnMap":{"1":{"name":"constructor","line":15,"loc":{"start":{"line":15,"column":4},"end":{"line":20,"column":4}}},"2":{"name":"vote","line":22,"loc":{"start":{"line":22,"column":4},"end":{"line":30,"column":4}}},"3":{"name":"candidateCount","line":32,"loc":{"start":{"line":32,"column":4},"end":{"line":34,"column":4}}},"4":{"name":"getCandidates","line":36,"loc":{"start":{"line":36,"column":4},"end":{"line":44,"column":4}}},"5":{"name":"getWinner","line":46,"loc":{"start":{"line":46,"column":4},"end":{"line":58,"column":4}}}},"statementMap":{"1":{"start":{"line":16,"column":8},"end":{"line":16,"column":80}},"2":{"start":{"line":17,"column":8},"end":{"line":17,"column":459}},"3":{"start":{"line":18,"column":12},"end":{"line":18,"column":78}},"4":{"start":{"line":23,"column":8},"end":{"line":23,"column":54}},"5":{"start":{"line":24,"column":8},"end":{"line":24,"column":71}},"6":{"start":{"line":29,"column":8},"end":{"line":29,"column":46}},"7":{"start":{"line":33,"column":8},"end":{"line":33,"column":32}},"8":{"start":{"line":37,"column":8},"end":{"line":37,"column":39}},"9":{"start":{"line":40,"column":8},"end":{"line":40,"column":1266}},"10":{"start":{"line":47,"column":8},"end":{"line":47,"column":39}},"11":{"start":{"line":48,"column":8},"end":{"line":48,"column":40}},"12":{"start":{"line":49,"column":8},"end":{"line":49,"column":24}},"13":{"start":{"line":50,"column":8},"end":{"line":50,"column":29}},"14":{"start":{"line":51,"column":8},"end":{"line":51,"column":1657}},"15":{"start":{"line":52,"column":12},"end":{"line":52,"column":1709}},"16":{"start":{"line":57,"column":8},"end":{"line":57,"column":76}}},"branchMap":{"1":{"line":16,"type":"if","locations":[{"start":{"line":16,"column":8},"end":{"line":16,"column":8}},{"start":{"line":16,"column":8},"end":{"line":16,"column":8}}]},"2":{"line":23,"type":"if","locations":[{"start":{"line":23,"column":8},"end":{"line":23,"column":8}},{"start":{"line":23,"column":8},"end":{"line":23,"column":8}}]},"3":{"line":24,"type":"if","locations":[{"start":{"line":24,"column":8},"end":{"line":24,"column":8}},{"start":{"line":24,"column":8},"end":{"line":24,"column":8}}]},"4":{"line":48,"type":"if","locations":[{"start":{"line":48,"column":8},"end":{"line":48,"column":8}},{"start":{"line":48,"column":8},"end":{"line":48,"column":8}}]},"5":{"line":52,"type":"if","locations":[{"start":{"line":52,"column":12},"end":{"line":52,"column":12}},{"start":{"line":52,"column":12},"end":{"line":52,"column":12}}]}}}}