TN:
SF:/app/contracts/Voting.sol
FN:15,constructor
FN:22,vote
FN:32,candidateCount
FN:36,getCandidates
FN:46,getWinner
FNF:5
FNH:5
FNDA:4,constructor
FNDA:5,vote
FNDA:1,candidateCount
FNDA:3,getCandidates
FNDA:1,getWinner
DA:16,4
DA:17,4
DA:18,12
DA:23,5
DA:24,4
DA:26,3
DA:27,3
DA:29,3
DA:33,1
DA:37,3
DA:38,3
DA:39,3
DA:40,3
DA:41,9
DA:42,9
DA:47,1
DA:48,1
DA:49,1
DA:50,1
DA:51,1
DA:52,3
DA:53,1
DA:54,1
DA:57,1
LF:24
LH:24
BRDA:16,1,0,4
BRDA:16,1,1,0
BRDA:23,2,0,4
BRDA:23,2,1,1
BRDA:24,3,0,3
BRDA:24,3,1,1
BRDA:48,4,0,1
BRDA:48,4,1,0
BRDA:52,5,0,1
BRDA:52,5,1,2
BRF:10
BRH:8
end_of_record
